<?xml version="1.0" encoding="UTF-8"?>
<!-- Generated by org.testng.reporters.JUnitXMLReporter -->
<testsuite ignored="0" hostname="Nancy" failures="0" tests="3" name="LoginTest" time="118.612" errors="0" timestamp="2023-12-27T14:12:14 CST">
  <testcase classname="test.LoginTest" name="validUserShouldBeAbleToLogin" time="12.004"/>
  <testcase classname="test.LoginTest" name="validateLoginAlertMsg" time="2.672"/>
  <testcase classname="test.AddCustomerTest" name="userShouldBeAbleToAddCustomer" time="103.895"/>
</testsuite> <!-- LoginTest -->
