<?xml version="1.0" encoding="UTF-8"?>
<testng-results ignored="0" total="3" passed="3" failed="0" skipped="0">
  <reporter-output>
  </reporter-output>
  <suite started-at="2023-12-27T14:10:15 CST" name="regression" finished-at="2023-12-27T14:12:14 CST" duration-ms="118612">
    <groups>
      <group name="regression">
        <method signature="AddCustomerTest.userShouldBeAbleToAddCustomer(java.lang.String,java.lang.String,java.lang.String,java.lang.String,java.lang.String,java.lang.String,java.lang.String,java.lang.String,java.lang.String,java.lang.String,java.lang.String,java.lang.String,java.lang.String,java.lang.String,java.lang.String,java.lang.String,java.lang.String)[pri:0, instance:test.AddCustomerTest@5ba3f27a]" name="userShouldBeAbleToAddCustomer" class="test.AddCustomerTest"/>
        <method signature="LoginTest.validUserShouldBeAbleToLogin(java.lang.String,java.lang.String,java.lang.String)[pri:0, instance:test.LoginTest@48f278eb]" name="validUserShouldBeAbleToLogin" class="test.LoginTest"/>
        <method signature="LoginTest.validateLoginAlertMsg(java.lang.String,java.lang.String,java.lang.String)[pri:0, instance:test.LoginTest@48f278eb]" name="validateLoginAlertMsg" class="test.LoginTest"/>
      </group> <!-- regression -->
      <group name="smoke">
        <method signature="LoginTest.validUserShouldBeAbleToLogin(java.lang.String,java.lang.String,java.lang.String)[pri:0, instance:test.LoginTest@48f278eb]" name="validUserShouldBeAbleToLogin" class="test.LoginTest"/>
      </group> <!-- smoke -->
    </groups>
    <test started-at="2023-12-27T14:10:15 CST" name="LoginTest" finished-at="2023-12-27T14:12:14 CST" duration-ms="118612">
      <class name="test.AddCustomerTest">
        <test-method signature="userShouldBeAbleToAddCustomer(java.lang.String,java.lang.String,java.lang.String,java.lang.String,java.lang.String,java.lang.String,java.lang.String,java.lang.String,java.lang.String,java.lang.String,java.lang.String,java.lang.String,java.lang.String,java.lang.String,java.lang.String,java.lang.String,java.lang.String)[pri:0, instance:test.AddCustomerTest@5ba3f27a]" started-at="2023-12-27T14:10:30 CST" name="userShouldBeAbleToAddCustomer" finished-at="2023-12-27T14:12:14 CST" duration-ms="103895" status="PASS">
          <params>
            <param index="0">
              <value>
                <![CDATA[demo@codefios.com]]>
              </value>
            </param>
            <param index="1">
              <value>
                <![CDATA[abc123]]>
              </value>
            </param>
            <param index="2">
              <value>
                <![CDATA[Dashboard]]>
              </value>
            </param>
            <param index="3">
              <value>
                <![CDATA[New Customer]]>
              </value>
            </param>
            <param index="4">
              <value>
                <![CDATA[test]]>
              </value>
            </param>
            <param index="5">
              <value>
                <![CDATA[Techfios]]>
              </value>
            </param>
            <param index="6">
              <value>
                <![CDATA[test@gmail.com]]>
              </value>
            </param>
            <param index="7">
              <value>
                <![CDATA[a7984538]]>
              </value>
            </param>
            <param index="8">
              <value>
                <![CDATA[Test Building]]>
              </value>
            </param>
            <param index="9">
              <value>
                <![CDATA[Carrolton]]>
              </value>
            </param>
            <param index="10">
              <value>
                <![CDATA[a768]]>
              </value>
            </param>
            <param index="11">
              <value>
                <![CDATA[Error: Do not allow less than 5 digits]]>
              </value>
            </param>
            <param index="12">
              <value>
                <![CDATA[a6342879546]]>
              </value>
            </param>
            <param index="13">
              <value>
                <![CDATA[Error: Do not allow more than 9 digits]]>
              </value>
            </param>
            <param index="14">
              <value>
                <![CDATA[a674361]]>
              </value>
            </param>
            <param index="15">
              <value>
                <![CDATA[India]]>
              </value>
            </param>
            <param index="16">
              <value>
                <![CDATA[Selenium]]>
              </value>
            </param>
          </params>
          <reporter-output>
          </reporter-output>
        </test-method> <!-- userShouldBeAbleToAddCustomer -->
      </class> <!-- test.AddCustomerTest -->
      <class name="test.LoginTest">
        <test-method signature="validUserShouldBeAbleToLogin(java.lang.String,java.lang.String,java.lang.String)[pri:0, instance:test.LoginTest@48f278eb]" started-at="2023-12-27T14:10:15 CST" name="validUserShouldBeAbleToLogin" finished-at="2023-12-27T14:10:27 CST" duration-ms="12004" status="PASS">
          <params>
            <param index="0">
              <value>
                <![CDATA[demo@codefios.com]]>
              </value>
            </param>
            <param index="1">
              <value>
                <![CDATA[abc123]]>
              </value>
            </param>
            <param index="2">
              <value>
                <![CDATA[Dashboard]]>
              </value>
            </param>
          </params>
          <reporter-output>
          </reporter-output>
        </test-method> <!-- validUserShouldBeAbleToLogin -->
        <test-method signature="validateLoginAlertMsg(java.lang.String,java.lang.String,java.lang.String)[pri:0, instance:test.LoginTest@48f278eb]" started-at="2023-12-27T14:10:27 CST" name="validateLoginAlertMsg" finished-at="2023-12-27T14:10:30 CST" duration-ms="2672" status="PASS">
          <params>
            <param index="0">
              <value>
                <![CDATA[Please enter your user name]]>
              </value>
            </param>
            <param index="1">
              <value>
                <![CDATA[demo@codefios.com]]>
              </value>
            </param>
            <param index="2">
              <value>
                <![CDATA[Please enter your password]]>
              </value>
            </param>
          </params>
          <reporter-output>
          </reporter-output>
        </test-method> <!-- validateLoginAlertMsg -->
      </class> <!-- test.LoginTest -->
    </test> <!-- LoginTest -->
  </suite> <!-- regression -->
</testng-results>
